[0.060s] DEBUG:colcon:Command line arguments: ['/usr/bin/colcon', 'build', '--packages-select', 'mycobot_moveit_demos']
[0.060s] DEBUG:colcon:Parsed command line arguments: Namespace(log_base=None, log_level=None, verb_name='build', build_base='build', install_base='install', merge_install=False, symlink_install=False, test_result_base=None, continue_on_error=False, executor='parallel', parallel_workers=12, event_handlers=None, ignore_user_meta=False, metas=['./colcon.meta'], base_paths=['.'], packages_ignore=None, packages_ignore_regex=None, paths=None, packages_up_to=None, packages_up_to_regex=None, packages_above=None, packages_above_and_dependencies=None, packages_above_depth=None, packages_select_by_dep=None, packages_skip_by_dep=None, packages_skip_up_to=None, packages_select_build_failed=False, packages_skip_build_finished=False, packages_select_test_failures=False, packages_skip_test_passed=False, packages_select=['mycobot_moveit_demos'], packages_skip=None, packages_select_regex=None, packages_skip_regex=None, packages_start=None, packages_end=None, allow_overriding=[], cmake_args=None, cmake_target=None, cmake_target_skip_unavailable=False, cmake_clean_cache=False, cmake_clean_first=False, cmake_force_configure=False, ament_cmake_args=None, catkin_cmake_args=None, catkin_skip_building_tests=False, mixin_files=None, mixin=None, verb_parser=<colcon_mixin.mixin.mixin_argument.MixinArgumentDecorator object at 0x7e3355a84aa0>, verb_extension=<colcon_core.verb.build.BuildVerb object at 0x7e3355a84830>, main=<bound method BuildVerb.main of <colcon_core.verb.build.BuildVerb object at 0x7e3355a84830>>, mixin_verb=('build',))
[0.082s] Level 1:colcon.colcon_core.package_discovery:discover_packages(colcon_meta) check parameters
[0.082s] Level 1:colcon.colcon_core.package_discovery:discover_packages(recursive) check parameters
[0.082s] Level 1:colcon.colcon_core.package_discovery:discover_packages(ignore) check parameters
[0.082s] Level 1:colcon.colcon_core.package_discovery:discover_packages(path) check parameters
[0.082s] Level 1:colcon.colcon_core.package_discovery:discover_packages(colcon_meta) discover
[0.082s] Level 1:colcon.colcon_core.package_discovery:discover_packages(recursive) discover
[0.082s] INFO:colcon.colcon_core.package_discovery:Crawling recursively for packages in '/home/chirag/arm_ws/src'
[0.082s] Level 1:colcon.colcon_core.package_identification:_identify(.) by extensions ['ignore', 'ignore_ament_install']
[0.082s] Level 1:colcon.colcon_core.package_identification:_identify(.) by extension 'ignore'
[0.082s] Level 1:colcon.colcon_core.package_identification:_identify(.) by extension 'ignore_ament_install'
[0.082s] Level 1:colcon.colcon_core.package_identification:_identify(.) by extensions ['colcon_pkg']
[0.082s] Level 1:colcon.colcon_core.package_identification:_identify(.) by extension 'colcon_pkg'
[0.082s] Level 1:colcon.colcon_core.package_identification:_identify(.) by extensions ['colcon_meta']
[0.082s] Level 1:colcon.colcon_core.package_identification:_identify(.) by extension 'colcon_meta'
[0.082s] Level 1:colcon.colcon_core.package_identification:_identify(.) by extensions ['ros']
[0.082s] Level 1:colcon.colcon_core.package_identification:_identify(.) by extension 'ros'
[0.098s] Level 1:colcon.colcon_core.package_identification:_identify(.) by extensions ['cmake', 'python']
[0.098s] Level 1:colcon.colcon_core.package_identification:_identify(.) by extension 'cmake'
[0.098s] Level 1:colcon.colcon_core.package_identification:_identify(.) by extension 'python'
[0.098s] Level 1:colcon.colcon_core.package_identification:_identify(.) by extensions ['python_setup_py']
[0.098s] Level 1:colcon.colcon_core.package_identification:_identify(.) by extension 'python_setup_py'
[0.098s] Level 1:colcon.colcon_core.package_identification:_identify(build) by extensions ['ignore', 'ignore_ament_install']
[0.098s] Level 1:colcon.colcon_core.package_identification:_identify(build) by extension 'ignore'
[0.098s] Level 1:colcon.colcon_core.package_identification:_identify(build) ignored
[0.098s] Level 1:colcon.colcon_core.package_identification:_identify(install) by extensions ['ignore', 'ignore_ament_install']
[0.098s] Level 1:colcon.colcon_core.package_identification:_identify(install) by extension 'ignore'
[0.098s] Level 1:colcon.colcon_core.package_identification:_identify(install) ignored
[0.098s] Level 1:colcon.colcon_core.package_identification:_identify(log) by extensions ['ignore', 'ignore_ament_install']
[0.098s] Level 1:colcon.colcon_core.package_identification:_identify(log) by extension 'ignore'
[0.098s] Level 1:colcon.colcon_core.package_identification:_identify(log) ignored
[0.098s] Level 1:colcon.colcon_core.package_identification:_identify(mycobot_ros2) by extensions ['ignore', 'ignore_ament_install']
[0.098s] Level 1:colcon.colcon_core.package_identification:_identify(mycobot_ros2) by extension 'ignore'
[0.098s] Level 1:colcon.colcon_core.package_identification:_identify(mycobot_ros2) by extension 'ignore_ament_install'
[0.098s] Level 1:colcon.colcon_core.package_identification:_identify(mycobot_ros2) by extensions ['colcon_pkg']
[0.098s] Level 1:colcon.colcon_core.package_identification:_identify(mycobot_ros2) by extension 'colcon_pkg'
[0.098s] Level 1:colcon.colcon_core.package_identification:_identify(mycobot_ros2) by extensions ['colcon_meta']
[0.098s] Level 1:colcon.colcon_core.package_identification:_identify(mycobot_ros2) by extension 'colcon_meta'
[0.098s] Level 1:colcon.colcon_core.package_identification:_identify(mycobot_ros2) by extensions ['ros']
[0.098s] Level 1:colcon.colcon_core.package_identification:_identify(mycobot_ros2) by extension 'ros'
[0.098s] Level 1:colcon.colcon_core.package_identification:_identify(mycobot_ros2) by extensions ['cmake', 'python']
[0.098s] Level 1:colcon.colcon_core.package_identification:_identify(mycobot_ros2) by extension 'cmake'
[0.098s] Level 1:colcon.colcon_core.package_identification:_identify(mycobot_ros2) by extension 'python'
[0.098s] Level 1:colcon.colcon_core.package_identification:_identify(mycobot_ros2) by extensions ['python_setup_py']
[0.098s] Level 1:colcon.colcon_core.package_identification:_identify(mycobot_ros2) by extension 'python_setup_py'
[0.098s] Level 1:colcon.colcon_core.package_identification:_identify(mycobot_ros2/build) by extensions ['ignore', 'ignore_ament_install']
[0.099s] Level 1:colcon.colcon_core.package_identification:_identify(mycobot_ros2/build) by extension 'ignore'
[0.099s] Level 1:colcon.colcon_core.package_identification:_identify(mycobot_ros2/build) ignored
[0.099s] Level 1:colcon.colcon_core.package_identification:_identify(mycobot_ros2/install) by extensions ['ignore', 'ignore_ament_install']
[0.099s] Level 1:colcon.colcon_core.package_identification:_identify(mycobot_ros2/install) by extension 'ignore'
[0.099s] Level 1:colcon.colcon_core.package_identification:_identify(mycobot_ros2/install) ignored
[0.099s] Level 1:colcon.colcon_core.package_identification:_identify(mycobot_ros2/log) by extensions ['ignore', 'ignore_ament_install']
[0.099s] Level 1:colcon.colcon_core.package_identification:_identify(mycobot_ros2/log) by extension 'ignore'
[0.099s] Level 1:colcon.colcon_core.package_identification:_identify(mycobot_ros2/log) ignored
[0.099s] Level 1:colcon.colcon_core.package_identification:_identify(mycobot_ros2/mycobot_bringup) by extensions ['ignore', 'ignore_ament_install']
[0.099s] Level 1:colcon.colcon_core.package_identification:_identify(mycobot_ros2/mycobot_bringup) by extension 'ignore'
[0.099s] Level 1:colcon.colcon_core.package_identification:_identify(mycobot_ros2/mycobot_bringup) by extension 'ignore_ament_install'
[0.099s] Level 1:colcon.colcon_core.package_identification:_identify(mycobot_ros2/mycobot_bringup) by extensions ['colcon_pkg']
[0.099s] Level 1:colcon.colcon_core.package_identification:_identify(mycobot_ros2/mycobot_bringup) by extension 'colcon_pkg'
[0.099s] Level 1:colcon.colcon_core.package_identification:_identify(mycobot_ros2/mycobot_bringup) by extensions ['colcon_meta']
[0.099s] Level 1:colcon.colcon_core.package_identification:_identify(mycobot_ros2/mycobot_bringup) by extension 'colcon_meta'
[0.099s] Level 1:colcon.colcon_core.package_identification:_identify(mycobot_ros2/mycobot_bringup) by extensions ['ros']
[0.099s] Level 1:colcon.colcon_core.package_identification:_identify(mycobot_ros2/mycobot_bringup) by extension 'ros'
[0.100s] DEBUG:colcon.colcon_core.package_identification:Package 'mycobot_ros2/mycobot_bringup' with type 'ros.ament_cmake' and name 'mycobot_bringup'
[0.100s] Level 1:colcon.colcon_core.package_identification:_identify(mycobot_ros2/mycobot_description) by extensions ['ignore', 'ignore_ament_install']
[0.100s] Level 1:colcon.colcon_core.package_identification:_identify(mycobot_ros2/mycobot_description) by extension 'ignore'
[0.100s] Level 1:colcon.colcon_core.package_identification:_identify(mycobot_ros2/mycobot_description) by extension 'ignore_ament_install'
[0.100s] Level 1:colcon.colcon_core.package_identification:_identify(mycobot_ros2/mycobot_description) by extensions ['colcon_pkg']
[0.100s] Level 1:colcon.colcon_core.package_identification:_identify(mycobot_ros2/mycobot_description) by extension 'colcon_pkg'
[0.101s] Level 1:colcon.colcon_core.package_identification:_identify(mycobot_ros2/mycobot_description) by extensions ['colcon_meta']
[0.101s] Level 1:colcon.colcon_core.package_identification:_identify(mycobot_ros2/mycobot_description) by extension 'colcon_meta'
[0.101s] Level 1:colcon.colcon_core.package_identification:_identify(mycobot_ros2/mycobot_description) by extensions ['ros']
[0.101s] Level 1:colcon.colcon_core.package_identification:_identify(mycobot_ros2/mycobot_description) by extension 'ros'
[0.101s] DEBUG:colcon.colcon_core.package_identification:Package 'mycobot_ros2/mycobot_description' with type 'ros.ament_cmake' and name 'mycobot_description'
[0.101s] Level 1:colcon.colcon_core.package_identification:_identify(mycobot_ros2/mycobot_gazebo) by extensions ['ignore', 'ignore_ament_install']
[0.101s] Level 1:colcon.colcon_core.package_identification:_identify(mycobot_ros2/mycobot_gazebo) by extension 'ignore'
[0.101s] Level 1:colcon.colcon_core.package_identification:_identify(mycobot_ros2/mycobot_gazebo) by extension 'ignore_ament_install'
[0.101s] Level 1:colcon.colcon_core.package_identification:_identify(mycobot_ros2/mycobot_gazebo) by extensions ['colcon_pkg']
[0.101s] Level 1:colcon.colcon_core.package_identification:_identify(mycobot_ros2/mycobot_gazebo) by extension 'colcon_pkg'
[0.101s] Level 1:colcon.colcon_core.package_identification:_identify(mycobot_ros2/mycobot_gazebo) by extensions ['colcon_meta']
[0.101s] Level 1:colcon.colcon_core.package_identification:_identify(mycobot_ros2/mycobot_gazebo) by extension 'colcon_meta'
[0.101s] Level 1:colcon.colcon_core.package_identification:_identify(mycobot_ros2/mycobot_gazebo) by extensions ['ros']
[0.101s] Level 1:colcon.colcon_core.package_identification:_identify(mycobot_ros2/mycobot_gazebo) by extension 'ros'
[0.102s] DEBUG:colcon.colcon_core.package_identification:Package 'mycobot_ros2/mycobot_gazebo' with type 'ros.ament_cmake' and name 'mycobot_gazebo'
[0.102s] Level 1:colcon.colcon_core.package_identification:_identify(mycobot_ros2/mycobot_moveit_config) by extensions ['ignore', 'ignore_ament_install']
[0.102s] Level 1:colcon.colcon_core.package_identification:_identify(mycobot_ros2/mycobot_moveit_config) by extension 'ignore'
[0.102s] Level 1:colcon.colcon_core.package_identification:_identify(mycobot_ros2/mycobot_moveit_config) by extension 'ignore_ament_install'
[0.102s] Level 1:colcon.colcon_core.package_identification:_identify(mycobot_ros2/mycobot_moveit_config) by extensions ['colcon_pkg']
[0.102s] Level 1:colcon.colcon_core.package_identification:_identify(mycobot_ros2/mycobot_moveit_config) by extension 'colcon_pkg'
[0.102s] Level 1:colcon.colcon_core.package_identification:_identify(mycobot_ros2/mycobot_moveit_config) by extensions ['colcon_meta']
[0.102s] Level 1:colcon.colcon_core.package_identification:_identify(mycobot_ros2/mycobot_moveit_config) by extension 'colcon_meta'
[0.102s] Level 1:colcon.colcon_core.package_identification:_identify(mycobot_ros2/mycobot_moveit_config) by extensions ['ros']
[0.102s] Level 1:colcon.colcon_core.package_identification:_identify(mycobot_ros2/mycobot_moveit_config) by extension 'ros'
[0.102s] DEBUG:colcon.colcon_core.package_identification:Package 'mycobot_ros2/mycobot_moveit_config' with type 'ros.ament_cmake' and name 'mycobot_moveit_config'
[0.103s] Level 1:colcon.colcon_core.package_identification:_identify(mycobot_ros2/mycobot_moveit_demos) by extensions ['ignore', 'ignore_ament_install']
[0.103s] Level 1:colcon.colcon_core.package_identification:_identify(mycobot_ros2/mycobot_moveit_demos) by extension 'ignore'
[0.103s] Level 1:colcon.colcon_core.package_identification:_identify(mycobot_ros2/mycobot_moveit_demos) by extension 'ignore_ament_install'
[0.103s] Level 1:colcon.colcon_core.package_identification:_identify(mycobot_ros2/mycobot_moveit_demos) by extensions ['colcon_pkg']
[0.103s] Level 1:colcon.colcon_core.package_identification:_identify(mycobot_ros2/mycobot_moveit_demos) by extension 'colcon_pkg'
[0.103s] Level 1:colcon.colcon_core.package_identification:_identify(mycobot_ros2/mycobot_moveit_demos) by extensions ['colcon_meta']
[0.103s] Level 1:colcon.colcon_core.package_identification:_identify(mycobot_ros2/mycobot_moveit_demos) by extension 'colcon_meta'
[0.103s] Level 1:colcon.colcon_core.package_identification:_identify(mycobot_ros2/mycobot_moveit_demos) by extensions ['ros']
[0.103s] Level 1:colcon.colcon_core.package_identification:_identify(mycobot_ros2/mycobot_moveit_demos) by extension 'ros'
[0.103s] DEBUG:colcon.colcon_core.package_identification:Package 'mycobot_ros2/mycobot_moveit_demos' with type 'ros.ament_cmake' and name 'mycobot_moveit_demos'
[0.103s] Level 1:colcon.colcon_core.package_identification:_identify(mycobot_ros2/mycobot_ros2) by extensions ['ignore', 'ignore_ament_install']
[0.103s] Level 1:colcon.colcon_core.package_identification:_identify(mycobot_ros2/mycobot_ros2) by extension 'ignore'
[0.103s] Level 1:colcon.colcon_core.package_identification:_identify(mycobot_ros2/mycobot_ros2) by extension 'ignore_ament_install'
[0.103s] Level 1:colcon.colcon_core.package_identification:_identify(mycobot_ros2/mycobot_ros2) by extensions ['colcon_pkg']
[0.103s] Level 1:colcon.colcon_core.package_identification:_identify(mycobot_ros2/mycobot_ros2) by extension 'colcon_pkg'
[0.103s] Level 1:colcon.colcon_core.package_identification:_identify(mycobot_ros2/mycobot_ros2) by extensions ['colcon_meta']
[0.103s] Level 1:colcon.colcon_core.package_identification:_identify(mycobot_ros2/mycobot_ros2) by extension 'colcon_meta'
[0.103s] Level 1:colcon.colcon_core.package_identification:_identify(mycobot_ros2/mycobot_ros2) by extensions ['ros']
[0.103s] Level 1:colcon.colcon_core.package_identification:_identify(mycobot_ros2/mycobot_ros2) by extension 'ros'
[0.103s] DEBUG:colcon.colcon_core.package_identification:Package 'mycobot_ros2/mycobot_ros2' with type 'ros.ament_cmake' and name 'mycobot_ros2'
[0.103s] Level 1:colcon.colcon_core.package_identification:_identify(mycobot_ros2/mycobot_system_tests) by extensions ['ignore', 'ignore_ament_install']
[0.104s] Level 1:colcon.colcon_core.package_identification:_identify(mycobot_ros2/mycobot_system_tests) by extension 'ignore'
[0.104s] Level 1:colcon.colcon_core.package_identification:_identify(mycobot_ros2/mycobot_system_tests) by extension 'ignore_ament_install'
[0.104s] Level 1:colcon.colcon_core.package_identification:_identify(mycobot_ros2/mycobot_system_tests) by extensions ['colcon_pkg']
[0.104s] Level 1:colcon.colcon_core.package_identification:_identify(mycobot_ros2/mycobot_system_tests) by extension 'colcon_pkg'
[0.104s] Level 1:colcon.colcon_core.package_identification:_identify(mycobot_ros2/mycobot_system_tests) by extensions ['colcon_meta']
[0.104s] Level 1:colcon.colcon_core.package_identification:_identify(mycobot_ros2/mycobot_system_tests) by extension 'colcon_meta'
[0.104s] Level 1:colcon.colcon_core.package_identification:_identify(mycobot_ros2/mycobot_system_tests) by extensions ['ros']
[0.104s] Level 1:colcon.colcon_core.package_identification:_identify(mycobot_ros2/mycobot_system_tests) by extension 'ros'
[0.104s] DEBUG:colcon.colcon_core.package_identification:Package 'mycobot_ros2/mycobot_system_tests' with type 'ros.ament_cmake' and name 'mycobot_system_tests'
[0.104s] Level 1:colcon.colcon_core.package_discovery:discover_packages(recursive) using defaults
[0.104s] Level 1:colcon.colcon_core.package_discovery:discover_packages(ignore) discover
[0.104s] Level 1:colcon.colcon_core.package_discovery:discover_packages(ignore) using defaults
[0.104s] Level 1:colcon.colcon_core.package_discovery:discover_packages(path) discover
[0.104s] Level 1:colcon.colcon_core.package_discovery:discover_packages(path) using defaults
[0.115s] INFO:colcon.colcon_core.package_selection:Skipping not selected package 'mycobot_bringup' in 'mycobot_ros2/mycobot_bringup'
[0.115s] INFO:colcon.colcon_core.package_selection:Skipping not selected package 'mycobot_description' in 'mycobot_ros2/mycobot_description'
[0.115s] INFO:colcon.colcon_core.package_selection:Skipping not selected package 'mycobot_gazebo' in 'mycobot_ros2/mycobot_gazebo'
[0.115s] INFO:colcon.colcon_core.package_selection:Skipping not selected package 'mycobot_moveit_config' in 'mycobot_ros2/mycobot_moveit_config'
[0.115s] INFO:colcon.colcon_core.package_selection:Skipping not selected package 'mycobot_system_tests' in 'mycobot_ros2/mycobot_system_tests'
[0.115s] INFO:colcon.colcon_core.package_selection:Skipping not selected package 'mycobot_ros2' in 'mycobot_ros2/mycobot_ros2'
[0.115s] Level 1:colcon.colcon_core.package_discovery:discover_packages(prefix_path) check parameters
[0.115s] Level 1:colcon.colcon_core.package_discovery:discover_packages(prefix_path) discover
[0.116s] DEBUG:colcon.colcon_installed_package_information.package_discovery:Found 1 installed packages in /home/chirag/arm_ws/src/mycobot_ros2/install
[0.117s] DEBUG:colcon.colcon_installed_package_information.package_discovery:Found 418 installed packages in /opt/ros/jazzy
[0.118s] Level 1:colcon.colcon_core.package_discovery:discover_packages(prefix_path) using defaults
[0.146s] Level 5:colcon.colcon_core.verb:set package 'mycobot_moveit_demos' build argument 'cmake_args' from command line to 'None'
[0.146s] Level 5:colcon.colcon_core.verb:set package 'mycobot_moveit_demos' build argument 'cmake_target' from command line to 'None'
[0.146s] Level 5:colcon.colcon_core.verb:set package 'mycobot_moveit_demos' build argument 'cmake_target_skip_unavailable' from command line to 'False'
[0.146s] Level 5:colcon.colcon_core.verb:set package 'mycobot_moveit_demos' build argument 'cmake_clean_cache' from command line to 'False'
[0.146s] Level 5:colcon.colcon_core.verb:set package 'mycobot_moveit_demos' build argument 'cmake_clean_first' from command line to 'False'
[0.146s] Level 5:colcon.colcon_core.verb:set package 'mycobot_moveit_demos' build argument 'cmake_force_configure' from command line to 'False'
[0.146s] Level 5:colcon.colcon_core.verb:set package 'mycobot_moveit_demos' build argument 'ament_cmake_args' from command line to 'None'
[0.146s] Level 5:colcon.colcon_core.verb:set package 'mycobot_moveit_demos' build argument 'catkin_cmake_args' from command line to 'None'
[0.146s] Level 5:colcon.colcon_core.verb:set package 'mycobot_moveit_demos' build argument 'catkin_skip_building_tests' from command line to 'False'
[0.146s] DEBUG:colcon.colcon_core.verb:Building package 'mycobot_moveit_demos' with the following arguments: {'ament_cmake_args': None, 'build_base': '/home/chirag/arm_ws/src/build/mycobot_moveit_demos', 'catkin_cmake_args': None, 'catkin_skip_building_tests': False, 'cmake_args': None, 'cmake_clean_cache': False, 'cmake_clean_first': False, 'cmake_force_configure': False, 'cmake_target': None, 'cmake_target_skip_unavailable': False, 'install_base': '/home/chirag/arm_ws/src/install/mycobot_moveit_demos', 'merge_install': False, 'path': '/home/chirag/arm_ws/src/mycobot_ros2/mycobot_moveit_demos', 'symlink_install': False, 'test_result_base': None}
[0.146s] INFO:colcon.colcon_core.executor:Executing jobs using 'parallel' executor
[0.147s] DEBUG:colcon.colcon_parallel_executor.executor.parallel:run_until_complete
[0.147s] INFO:colcon.colcon_ros.task.ament_cmake.build:Building ROS package in '/home/chirag/arm_ws/src/mycobot_ros2/mycobot_moveit_demos' with build type 'ament_cmake'
[0.147s] INFO:colcon.colcon_cmake.task.cmake.build:Building CMake package in '/home/chirag/arm_ws/src/mycobot_ros2/mycobot_moveit_demos'
[0.149s] INFO:colcon.colcon_core.plugin_system:Skipping extension 'colcon_core.shell.bat': Not used on non-Windows systems
[0.149s] INFO:colcon.colcon_core.shell:Skip shell extension 'powershell' for command environment: Not usable outside of PowerShell
[0.149s] DEBUG:colcon.colcon_core.shell:Skip shell extension 'dsv' for command environment
[0.155s] DEBUG:colcon.colcon_core.event_handler.log_command:Invoking command in '/home/chirag/arm_ws/src/build/mycobot_moveit_demos': CMAKE_PREFIX_PATH=${CMAKE_PREFIX_PATH}:/opt/ros/jazzy DEBUGINFOD_URLS=https://debuginfod.ubuntu.com /usr/bin/cmake /home/chirag/arm_ws/src/mycobot_ros2/mycobot_moveit_demos -DCMAKE_INSTALL_PREFIX=/home/chirag/arm_ws/src/install/mycobot_moveit_demos
[1.534s] DEBUG:colcon.colcon_core.event_handler.log_command:Invoked command in '/home/chirag/arm_ws/src/build/mycobot_moveit_demos' returned '1': CMAKE_PREFIX_PATH=${CMAKE_PREFIX_PATH}:/opt/ros/jazzy DEBUGINFOD_URLS=https://debuginfod.ubuntu.com /usr/bin/cmake /home/chirag/arm_ws/src/mycobot_ros2/mycobot_moveit_demos -DCMAKE_INSTALL_PREFIX=/home/chirag/arm_ws/src/install/mycobot_moveit_demos
[1.543s] Level 1:colcon.colcon_core.environment:create_environment_scripts_only(mycobot_moveit_demos)
[1.544s] Level 1:colcon.colcon_core.environment:checking '/home/chirag/arm_ws/src/install/mycobot_moveit_demos' for CMake module files
[1.544s] Level 1:colcon.colcon_core.environment:checking '/home/chirag/arm_ws/src/install/mycobot_moveit_demos' for CMake config files
[1.545s] Level 1:colcon.colcon_core.environment:checking '/home/chirag/arm_ws/src/install/mycobot_moveit_demos/bin'
[1.545s] Level 1:colcon.colcon_core.environment:checking '/home/chirag/arm_ws/src/install/mycobot_moveit_demos/lib/pkgconfig/mycobot_moveit_demos.pc'
[1.545s] Level 1:colcon.colcon_core.environment:checking '/home/chirag/arm_ws/src/install/mycobot_moveit_demos/lib/python3.12/site-packages'
[1.545s] Level 1:colcon.colcon_core.environment:checking '/home/chirag/arm_ws/src/install/mycobot_moveit_demos/bin'
[1.545s] INFO:colcon.colcon_core.shell:Creating package script '/home/chirag/arm_ws/src/install/mycobot_moveit_demos/share/mycobot_moveit_demos/package.ps1'
[1.546s] INFO:colcon.colcon_core.shell:Creating package descriptor '/home/chirag/arm_ws/src/install/mycobot_moveit_demos/share/mycobot_moveit_demos/package.dsv'
[1.546s] INFO:colcon.colcon_core.shell:Creating package script '/home/chirag/arm_ws/src/install/mycobot_moveit_demos/share/mycobot_moveit_demos/package.sh'
[1.546s] INFO:colcon.colcon_core.shell:Creating package script '/home/chirag/arm_ws/src/install/mycobot_moveit_demos/share/mycobot_moveit_demos/package.bash'
[1.546s] INFO:colcon.colcon_core.shell:Creating package script '/home/chirag/arm_ws/src/install/mycobot_moveit_demos/share/mycobot_moveit_demos/package.zsh'
[1.547s] Level 1:colcon.colcon_core.environment:create_file_with_runtime_dependencies(/home/chirag/arm_ws/src/install/mycobot_moveit_demos/share/colcon-core/packages/mycobot_moveit_demos)
[1.557s] DEBUG:colcon.colcon_parallel_executor.executor.parallel:closing loop
[1.557s] DEBUG:colcon.colcon_parallel_executor.executor.parallel:loop closed
[1.557s] DEBUG:colcon.colcon_parallel_executor.executor.parallel:run_until_complete finished with '1'
[1.557s] DEBUG:colcon.colcon_core.event_reactor:joining thread
[1.561s] INFO:colcon.colcon_core.plugin_system:Skipping extension 'colcon_notification.desktop_notification.terminal_notifier': Not used on non-Darwin systems
[1.561s] INFO:colcon.colcon_core.plugin_system:Skipping extension 'colcon_notification.desktop_notification.win32': Not used on non-Windows systems
[1.561s] INFO:colcon.colcon_notification.desktop_notification:Sending desktop notification using 'notify2'
[1.573s] DEBUG:colcon.colcon_core.event_reactor:joined thread
[1.574s] INFO:colcon.colcon_core.shell:Creating prefix script '/home/chirag/arm_ws/src/install/local_setup.ps1'
[1.574s] INFO:colcon.colcon_core.shell:Creating prefix util module '/home/chirag/arm_ws/src/install/_local_setup_util_ps1.py'
[1.575s] INFO:colcon.colcon_core.shell:Creating prefix chain script '/home/chirag/arm_ws/src/install/setup.ps1'
[1.576s] INFO:colcon.colcon_core.shell:Creating prefix script '/home/chirag/arm_ws/src/install/local_setup.sh'
[1.576s] INFO:colcon.colcon_core.shell:Creating prefix util module '/home/chirag/arm_ws/src/install/_local_setup_util_sh.py'
[1.576s] INFO:colcon.colcon_core.shell:Creating prefix chain script '/home/chirag/arm_ws/src/install/setup.sh'
[1.577s] INFO:colcon.colcon_core.shell:Creating prefix script '/home/chirag/arm_ws/src/install/local_setup.bash'
[1.577s] INFO:colcon.colcon_core.shell:Creating prefix chain script '/home/chirag/arm_ws/src/install/setup.bash'
[1.578s] INFO:colcon.colcon_core.shell:Creating prefix script '/home/chirag/arm_ws/src/install/local_setup.zsh'
[1.578s] INFO:colcon.colcon_core.shell:Creating prefix chain script '/home/chirag/arm_ws/src/install/setup.zsh'
