[ 50%] [32mBuilding CXX object CMakeFiles/hello_moveit.dir/src/hello_moveit.cpp.o[0m
[100%] [32m[1mLinking CXX executable hello_moveit[0m
[100%] Built target hello_moveit
-- Install configuration: ""
-- Installing: /home/chirag/arm_ws/src/mycobot_ros2/install/mycobot_moveit_demos/lib/mycobot_moveit_demos/hello_moveit
-- Set non-toolchain portion of runtime path of "/home/chirag/arm_ws/src/mycobot_ros2/install/mycobot_moveit_demos/lib/mycobot_moveit_demos/hello_moveit" to ""
-- Up-to-date: /home/chirag/arm_ws/src/mycobot_ros2/install/mycobot_moveit_demos/share/ament_index/resource_index/package_run_dependencies/mycobot_moveit_demos
-- Up-to-date: /home/chirag/arm_ws/src/mycobot_ros2/install/mycobot_moveit_demos/share/ament_index/resource_index/parent_prefix_path/mycobot_moveit_demos
-- Up-to-date: /home/chirag/arm_ws/src/mycobot_ros2/install/mycobot_moveit_demos/share/mycobot_moveit_demos/environment/ament_prefix_path.sh
-- Up-to-date: /home/chirag/arm_ws/src/mycobot_ros2/install/mycobot_moveit_demos/share/mycobot_moveit_demos/environment/ament_prefix_path.dsv
-- Up-to-date: /home/chirag/arm_ws/src/mycobot_ros2/install/mycobot_moveit_demos/share/mycobot_moveit_demos/environment/path.sh
-- Up-to-date: /home/chirag/arm_ws/src/mycobot_ros2/install/mycobot_moveit_demos/share/mycobot_moveit_demos/environment/path.dsv
-- Up-to-date: /home/chirag/arm_ws/src/mycobot_ros2/install/mycobot_moveit_demos/share/mycobot_moveit_demos/local_setup.bash
-- Up-to-date: /home/chirag/arm_ws/src/mycobot_ros2/install/mycobot_moveit_demos/share/mycobot_moveit_demos/local_setup.sh
-- Up-to-date: /home/chirag/arm_ws/src/mycobot_ros2/install/mycobot_moveit_demos/share/mycobot_moveit_demos/local_setup.zsh
-- Up-to-date: /home/chirag/arm_ws/src/mycobot_ros2/install/mycobot_moveit_demos/share/mycobot_moveit_demos/local_setup.dsv
-- Installing: /home/chirag/arm_ws/src/mycobot_ros2/install/mycobot_moveit_demos/share/mycobot_moveit_demos/package.dsv
-- Up-to-date: /home/chirag/arm_ws/src/mycobot_ros2/install/mycobot_moveit_demos/share/ament_index/resource_index/packages/mycobot_moveit_demos
-- Up-to-date: /home/chirag/arm_ws/src/mycobot_ros2/install/mycobot_moveit_demos/share/mycobot_moveit_demos/cmake/mycobot_moveit_demosConfig.cmake
-- Up-to-date: /home/chirag/arm_ws/src/mycobot_ros2/install/mycobot_moveit_demos/share/mycobot_moveit_demos/cmake/mycobot_moveit_demosConfig-version.cmake
-- Up-to-date: /home/chirag/arm_ws/src/mycobot_ros2/install/mycobot_moveit_demos/share/mycobot_moveit_demos/package.xml
