[0.006s] Invoking command in '/home/chirag/arm_ws/src/mycobot_ros2/build/mycobot_moveit_demos': CMAKE_PREFIX_PATH=${CMAKE_PREFIX_PATH}:/opt/ros/jazzy DEBUGINFOD_URLS=https://debuginfod.ubuntu.com /usr/bin/cmake /home/chirag/arm_ws/src/mycobot_ros2/mycobot_moveit_demos -DCMAKE_INSTALL_PREFIX=/home/chirag/arm_ws/src/mycobot_ros2/install/mycobot_moveit_demos
[0.194s] -- The C compiler identification is GNU 13.3.0
[0.276s] -- The CXX compiler identification is GNU 13.3.0
[0.295s] -- Detecting C compiler ABI info
[0.370s] -- Detecting C compiler ABI info - done
[0.376s] -- Check for working C compiler: /usr/bin/cc - skipped
[0.377s] -- Detecting C compile features
[0.377s] -- Detecting C compile features - done
[0.386s] -- Detecting CXX compiler ABI info
[0.467s] -- Detecting CXX compiler ABI info - done
[0.473s] -- Check for working CXX compiler: /usr/bin/c++ - skipped
[0.473s] -- Detecting CXX compile features
[0.473s] -- Detecting CXX compile features - done
[0.506s] -- Found ament_cmake: 2.5.6 (/opt/ros/jazzy/share/ament_cmake/cmake)
[0.631s] -- Found Python3: /usr/bin/python3 (found version "3.12.3") found components: Interpreter 
[0.733s] -- Found moveit_ros_planning_interface: 2.12.4 (/opt/ros/jazzy/share/moveit_ros_planning_interface/cmake)
[0.851s] -- Found Boost: /usr/lib/x86_64-linux-gnu/cmake/Boost-1.83.0/BoostConfig.cmake (found version "1.83.0") found components: date_time filesystem program_options system thread 
[0.913s] -- Found rosidl_generator_c: 4.6.7 (/opt/ros/jazzy/share/rosidl_generator_c/cmake)
[0.928s] -- Found rosidl_generator_cpp: 4.6.7 (/opt/ros/jazzy/share/rosidl_generator_cpp/cmake)
[0.951s] -- Using all available rosidl_typesupport_c: rosidl_typesupport_fastrtps_c;rosidl_typesupport_introspection_c
[0.971s] -- Using all available rosidl_typesupport_cpp: rosidl_typesupport_fastrtps_cpp;rosidl_typesupport_introspection_cpp
[1.275s] -- Found Boost: /usr/lib/x86_64-linux-gnu/cmake/Boost-1.83.0/BoostConfig.cmake (found version "1.83.0") found components: chrono date_time filesystem iostreams program_options regex serialization system thread 
[1.353s] -- Found parameter_traits: 0.7.1 (/opt/ros/jazzy/share/parameter_traits/cmake)
[1.413s] -- Found rmw_implementation_cmake: 7.3.3 (/opt/ros/jazzy/share/rmw_implementation_cmake/cmake)
[1.418s] -- Found rmw_fastrtps_cpp: 8.4.3 (/opt/ros/jazzy/share/rmw_fastrtps_cpp/cmake)
[1.517s] -- Found OpenSSL: /usr/lib/x86_64-linux-gnu/libcrypto.so (found version "3.0.13")  
[1.532s] -- Found FastRTPS: /opt/ros/jazzy/include (Required is at least version "2.13") 
[1.554s] -- Using RMW implementation 'rmw_fastrtps_cpp' as default
[1.667s] -- Found rclcpp_lifecycle: 28.1.18 (/opt/ros/jazzy/share/rclcpp_lifecycle/cmake)
[1.709s] -- Found Boost: /usr/lib/x86_64-linux-gnu/cmake/Boost-1.83.0/BoostConfig.cmake (found version "1.83.0") found components: filesystem 
[1.776s] -- Found Eigen3: TRUE (found version "3.4.0") 
[1.777s] -- Ensuring Eigen3 include directory is part of orocos-kdl CMake target
[1.977s] -- Found Boost: /usr/lib/x86_64-linux-gnu/cmake/Boost-1.83.0/BoostConfig.cmake (found version "1.83.0") found components: system filesystem date_time program_options thread chrono 
[2.022s] -- Found Boost: /usr/lib/x86_64-linux-gnu/cmake/Boost-1.83.0/BoostConfig.cmake (found version "1.83.0") found components: thread system filesystem regex date_time program_options 
[2.050s] -- Found Boost: /usr/lib/x86_64-linux-gnu/cmake/Boost-1.83.0/BoostConfig.cmake (found version "1.83.0") found components: system filesystem date_time program_options thread 
[2.091s] -- Found ament_lint_auto: 0.17.5 (/opt/ros/jazzy/share/ament_lint_auto/cmake)
[2.191s] -- Added test 'cppcheck' to perform static code analysis on C / C++ code
[2.191s] -- Configured cppcheck include dirs: $<BUILD_INTERFACE:/home/chirag/arm_ws/src/mycobot_ros2/mycobot_moveit_demos/include>
[2.191s] -- Configured cppcheck exclude dirs and/or files: 
[2.192s] -- Added test 'lint_cmake' to check CMake code style
[2.193s] -- Added test 'uncrustify' to check C / C++ code style
[2.193s] -- Configured uncrustify additional arguments: 
[2.194s] -- Added test 'xmllint' to check XML markup files
[2.196s] -- Configuring done (2.1s)
[2.239s] -- Generating done (0.0s)
[2.244s] -- Build files have been written to: /home/chirag/arm_ws/src/mycobot_ros2/build/mycobot_moveit_demos
[2.257s] Invoked command in '/home/chirag/arm_ws/src/mycobot_ros2/build/mycobot_moveit_demos' returned '0': CMAKE_PREFIX_PATH=${CMAKE_PREFIX_PATH}:/opt/ros/jazzy DEBUGINFOD_URLS=https://debuginfod.ubuntu.com /usr/bin/cmake /home/chirag/arm_ws/src/mycobot_ros2/mycobot_moveit_demos -DCMAKE_INSTALL_PREFIX=/home/chirag/arm_ws/src/mycobot_ros2/install/mycobot_moveit_demos
[2.257s] Invoking command in '/home/chirag/arm_ws/src/mycobot_ros2/build/mycobot_moveit_demos': CMAKE_PREFIX_PATH=${CMAKE_PREFIX_PATH}:/opt/ros/jazzy DEBUGINFOD_URLS=https://debuginfod.ubuntu.com /usr/bin/cmake --build /home/chirag/arm_ws/src/mycobot_ros2/build/mycobot_moveit_demos -- -j12 -l12
[2.302s] [ 50%] [32mBuilding CXX object CMakeFiles/hello_moveit.dir/src/hello_moveit.cpp.o[0m
[4.185s] In file included from [01m[K/home/chirag/arm_ws/src/mycobot_ros2/mycobot_moveit_demos/src/hello_moveit.cpp:16[m[K:
[4.185s] [01m[K/opt/ros/jazzy/include/moveit_ros_planning_interface/moveit/move_group_interface/move_group_interface.h:51:77:[m[K [01;36m[Knote: [m[K‘[01m[K#pragma message: .h header is obsolete. Please use the .hpp header instead.[m[K’
[4.186s]    51 | lease use the .hpp header instead."[01;36m[K)[m[K
[4.186s]       |                                    [01;36m[K^[m[K
[4.186s] 
[6.952s] [100%] [32m[1mLinking CXX executable hello_moveit[0m
[7.565s] [100%] Built target hello_moveit
[7.572s] Invoked command in '/home/chirag/arm_ws/src/mycobot_ros2/build/mycobot_moveit_demos' returned '0': CMAKE_PREFIX_PATH=${CMAKE_PREFIX_PATH}:/opt/ros/jazzy DEBUGINFOD_URLS=https://debuginfod.ubuntu.com /usr/bin/cmake --build /home/chirag/arm_ws/src/mycobot_ros2/build/mycobot_moveit_demos -- -j12 -l12
[7.580s] Invoking command in '/home/chirag/arm_ws/src/mycobot_ros2/build/mycobot_moveit_demos': CMAKE_PREFIX_PATH=${CMAKE_PREFIX_PATH}:/opt/ros/jazzy DEBUGINFOD_URLS=https://debuginfod.ubuntu.com /usr/bin/cmake --install /home/chirag/arm_ws/src/mycobot_ros2/build/mycobot_moveit_demos
[7.585s] -- Install configuration: ""
[7.586s] -- Installing: /home/chirag/arm_ws/src/mycobot_ros2/install/mycobot_moveit_demos/lib/mycobot_moveit_demos/hello_moveit
[7.586s] -- Set non-toolchain portion of runtime path of "/home/chirag/arm_ws/src/mycobot_ros2/install/mycobot_moveit_demos/lib/mycobot_moveit_demos/hello_moveit" to ""
[7.586s] -- Installing: /home/chirag/arm_ws/src/mycobot_ros2/install/mycobot_moveit_demos/share/ament_index/resource_index/package_run_dependencies/mycobot_moveit_demos
[7.586s] -- Installing: /home/chirag/arm_ws/src/mycobot_ros2/install/mycobot_moveit_demos/share/ament_index/resource_index/parent_prefix_path/mycobot_moveit_demos
[7.586s] -- Installing: /home/chirag/arm_ws/src/mycobot_ros2/install/mycobot_moveit_demos/share/mycobot_moveit_demos/environment/ament_prefix_path.sh
[7.586s] -- Installing: /home/chirag/arm_ws/src/mycobot_ros2/install/mycobot_moveit_demos/share/mycobot_moveit_demos/environment/ament_prefix_path.dsv
[7.586s] -- Installing: /home/chirag/arm_ws/src/mycobot_ros2/install/mycobot_moveit_demos/share/mycobot_moveit_demos/environment/path.sh
[7.586s] -- Installing: /home/chirag/arm_ws/src/mycobot_ros2/install/mycobot_moveit_demos/share/mycobot_moveit_demos/environment/path.dsv
[7.586s] -- Installing: /home/chirag/arm_ws/src/mycobot_ros2/install/mycobot_moveit_demos/share/mycobot_moveit_demos/local_setup.bash
[7.586s] -- Installing: /home/chirag/arm_ws/src/mycobot_ros2/install/mycobot_moveit_demos/share/mycobot_moveit_demos/local_setup.sh
[7.586s] -- Installing: /home/chirag/arm_ws/src/mycobot_ros2/install/mycobot_moveit_demos/share/mycobot_moveit_demos/local_setup.zsh
[7.586s] -- Installing: /home/chirag/arm_ws/src/mycobot_ros2/install/mycobot_moveit_demos/share/mycobot_moveit_demos/local_setup.dsv
[7.586s] -- Installing: /home/chirag/arm_ws/src/mycobot_ros2/install/mycobot_moveit_demos/share/mycobot_moveit_demos/package.dsv
[7.586s] -- Installing: /home/chirag/arm_ws/src/mycobot_ros2/install/mycobot_moveit_demos/share/ament_index/resource_index/packages/mycobot_moveit_demos
[7.586s] -- Installing: /home/chirag/arm_ws/src/mycobot_ros2/install/mycobot_moveit_demos/share/mycobot_moveit_demos/cmake/mycobot_moveit_demosConfig.cmake
[7.586s] -- Installing: /home/chirag/arm_ws/src/mycobot_ros2/install/mycobot_moveit_demos/share/mycobot_moveit_demos/cmake/mycobot_moveit_demosConfig-version.cmake
[7.586s] -- Installing: /home/chirag/arm_ws/src/mycobot_ros2/install/mycobot_moveit_demos/share/mycobot_moveit_demos/package.xml
[7.587s] Invoked command in '/home/chirag/arm_ws/src/mycobot_ros2/build/mycobot_moveit_demos' returned '0': CMAKE_PREFIX_PATH=${CMAKE_PREFIX_PATH}:/opt/ros/jazzy DEBUGINFOD_URLS=https://debuginfod.ubuntu.com /usr/bin/cmake --install /home/chirag/arm_ws/src/mycobot_ros2/build/mycobot_moveit_demos
